make all --print-data-base --no-builtin-variables --no-builtin-rules --question
# GNU Make 3.81
# Copyright (C) 2006  Free Software Foundation, Inc.
# This is free software; see the source for copying conditions.
# There is NO warranty; not even for MERCHANTABILITY or FITNESS FOR A
# PARTICULAR PURPOSE.

# This program built for i386-apple-darwin11.3.0
 
make: *** No rule to make target `all'.  Stop.


# Make data base, printed on Thu Dec  8 19:21:46 2022

# Variables

# automatic
<D = $(patsubst %/,%,$(dir $<))
# automatic
?F = $(notdir $?)
# automatic
?D = $(patsubst %/,%,$(dir $?))
# automatic
@D = $(patsubst %/,%,$(dir $@))
# automatic
@F = $(notdir $@)
# makefile
 
CURDIR := /Users/marinamcculloch/Downloads/personal_coding
# makefile
SHELL = /bin/sh
# environment
VSCODE_NLS_CONFIG = {"locale":"en-gb","availableLanguages":{},"_languagePackSupport":true}
# environment
_ = /usr/bin/make
# makefile (from `Makefile', line 1)
MAKEFILE_LIST :=  Makefile
# makefile (from `Makefile', line 8)
SOURCES = $(wildcard */main.go)
# environment
VSCODE_AMD_ENTRYPOINT = vs/workbench/api/node/extensionHostProcess
# environment
__CFBundleIdentifier = com.microsoft.VSCode
# environment
INFOPATH = /opt/homebrew/share/info:
# environment
VSCODE_CWD = /
# environment
GOPROXY = https://proxy.golang.org,direct
# environment
PATH = /opt/homebrew/bin:/opt/homebrew/sbin:/usr/local/bin:/usr/bin:/bin:/usr/sbin:/sbin:/Applications/domino:/Users/marinamcculloch/Library/Python/3.10/bin:/Applications/domino
# makefile (from `Makefile', line 10)
BINARIES = $(foreach p, $(PROJECTS), $(p)/$(p))
# environment
GOPATH = /Users/marinamcculloch/go
# environment
ELECTRON_RUN_AS_NODE = 1
# default
.FEATURES := target-specific order-only second-expansion else-if archives jobserver check-symlink
# environment
SSH_AUTH_SOCK = /private/tmp/com.apple.launchd.uOqC93eNHV/Listeners
# automatic
%F = $(notdir $%)
# environment
PWD = /Users/marinamcculloch/Downloads/personal_coding
# environment
HOMEBREW_CELLAR = /opt/homebrew/Cellar
# environment
ORIGINAL_XDG_CURRENT_DESKTOP = undefined
# environment
MANPATH = /opt/homebrew/share/man::
# environment
GOMODCACHE = /Users/marinamcculloch/go/pkg/mod
# environment
HOME = /Users/marinamcculloch
# default
MAKEFILEPATH = $(shell /usr/bin/xcode-select -print-path 2>/dev/null || echo /Developer)/Makefiles
# environment
VSCODE_CODE_CACHE_PATH = /Users/marinamcculloch/Library/Application Support/Code/CachedData/74b1f979648cc44d385a2286793c226e611f59e7
# environment
LOGNAME = marinamcculloch
# environment
APPLICATION_INSIGHTS_NO_DIAGNOSTIC_CHANNEL = 1
# environment
VSCODE_HANDLES_UNCAUGHT_ERRORS = true
# automatic
^D = $(patsubst %/,%,$(dir $^))
# environment
XPC_FLAGS = 0x0
# default
MAKE = $(MAKE_COMMAND)
# default
MAKECMDGOALS := all
# environment
SHLVL = 1
# default
MAKE_VERSION := 3.81
# environment
USER = marinamcculloch
# makefile (from `Makefile', line 3)
.DEFAULT_GOAL := build
# automatic
%D = $(patsubst %/,%,$(dir $%))
# default
MAKE_COMMAND := /Library/Developer/CommandLineTools/usr/bin/make
# default
.VARIABLES := 
# environment
TMPDIR = /var/folders/k5/kw3y8_3d6211_tmg6s4_rtn40000gp/T/
# automatic
*F = $(notdir $*)
# makefile (from `Makefile', line 5)
GOOS = $(call lc, $(shell uname -s))
# environment
VSCODE_IPC_HOOK = /Users/marinamcculloch/Library/Application Support/Code/1.71.2-main.sock
# environment
MallocNanoZone = 0
# makefile
MAKEFLAGS = Rrqp
# environment
MFLAGS = -Rrqp
# automatic
*D = $(patsubst %/,%,$(dir $*))
# environment
XPC_SERVICE_NAME = application.com.microsoft.VSCode.2066966.2066972
# environment
HOMEBREW_PREFIX = /opt/homebrew
# automatic
+D = $(patsubst %/,%,$(dir $+))
# automatic
+F = $(notdir $+)
# environment
HOMEBREW_REPOSITORY = /opt/homebrew
# environment
__CF_USER_TEXT_ENCODING = 0x1F6:0:2
# environment
COMMAND_MODE = unix2003
# default
MAKEFILES := 
# automatic
<F = $(notdir $<)
# environment
LC_ALL = C
# makefile (from `Makefile', line 6)
GOARCH = amd64
# automatic
^F = $(notdir $^)
# default
SUFFIXES := 
# default
.INCLUDE_DIRS = /usr/local/include
# environment
MAKELEVEL := 0
# makefile (from `Makefile', line 9)
PROJECTS = $(foreach p, $(dir $(SOURCES)), $(p:/=))
# environment
LANG = C
# environment
VSCODE_PID = 27437
# variable set hash-table stats:
# Load=71/1024=7%, Rehash=0, Collisions=2/106=2%

# Pattern-specific Variable Values

# No pattern-specific variable values.

# Directories

# . (device 16777230, inode 5711753): 8 files, no impossibilities.
# ponger (device 16777230, inode 5711767): 6 files, no impossibilities so far.
# pinger (device 16777230, inode 5711766): 6 files, no impossibilities so far.

# 20 files, no impossibilities in 3 directories.

# Implicit Rules

# No implicit rules.

# Files

# Not a target:
all:
#  Command-line target.
#  Implicit rule search has been done.
#  File does not exist.
#  File has not been updated.
# variable set hash-table stats:
# Load=0/32=0%, Rehash=0, Collisions=0/0=0%

.PHONY: build clean pinger/pinger ponger/ponger
#  Implicit rule search has not been done.
#  Modification time never checked.
#  File has not been updated.

# Not a target:
.SUFFIXES:
#  Implicit rule search has not been done.
#  Modification time never checked.
#  File has not been updated.

# Not a target:
Makefile:
#  Implicit rule search has been done.
#  Last modified 2022-07-04 11:13:36
#  File has been updated.
#  Successfully updated.
# variable set hash-table stats:
# Load=0/32=0%, Rehash=0, Collisions=0/0=0%

build: pinger/pinger ponger/ponger
#  Phony target (prerequisite of .PHONY).
#  Implicit rule search has not been done.
#  File does not exist.
#  File has not been updated.

# Not a target:
.DEFAULT:
#  Implicit rule search has not been done.
#  Modification time never checked.
#  File has not been updated.

clean:
#  Phony target (prerequisite of .PHONY).
#  Implicit rule search has not been done.
#  File does not exist.
#  File has not been updated.
#  commands to execute (from `Makefile', line 24):
	@rm -vf $(BINARIES)
	

pinger/pinger:
#  Phony target (prerequisite of .PHONY).
#  Implicit rule search has not been done.
#  File does not exist.
#  File has not been updated.
#  commands to execute (from `Makefile', line 15):
	export PROJECT=$(firstword $(subst /, ,$(@))) && \
	docker run --rm -t -v "$(shell pwd)/$${PROJECT}":/src -w /src \
	golang:1.11 sh -c "\
	CGO_ENABLED=0 \
	GOOS=$(GOOS) \
	GOARCH=$(GOOARCH) \
	go build -a --installsuffix cgo --ldflags="-s" -o $${PROJECT}/$${PROJECT}"
	

ponger/ponger:
#  Phony target (prerequisite of .PHONY).
#  Implicit rule search has not been done.
#  File does not exist.
#  File has not been updated.
#  commands to execute (from `Makefile', line 15):
	export PROJECT=$(firstword $(subst /, ,$(@))) && \
	docker run --rm -t -v "$(shell pwd)/$${PROJECT}":/src -w /src \
	golang:1.11 sh -c "\
	CGO_ENABLED=0 \
	GOOS=$(GOOS) \
	GOARCH=$(GOOARCH) \
	go build -a --installsuffix cgo --ldflags="-s" -o $${PROJECT}/$${PROJECT}"
	

# files hash-table stats:
# Load=9/1024=1%, Rehash=0, Collisions=3/27=11%
# VPATH Search Paths

# No `vpath' search paths.

# No general (`VPATH' variable) search path.

# # of strings in strcache: 1
# # of strcache buffers: 1
# strcache size: total = 4096 / max = 4096 / min = 4096 / avg = 4096
# strcache free: total = 4087 / max = 4087 / min = 4087 / avg = 4087

# Finished Make data base on Thu Dec  8 19:21:46 2022

 
